{"/home/gabb-c/My-Stuff/repositories/react-timeline/src/App.tsx": {"path":"/home/gabb-c/My-Stuff/repositories/react-timeline/src/App.tsx","all":true,"statementMap":{"0":{"start":{"line":1,"column":0},"end":{"line":1,"column":19}},"1":{"start":{"line":2,"column":0},"end":{"line":2,"column":45}},"4":{"start":{"line":5,"column":0},"end":{"line":5,"column":39}},"5":{"start":{"line":6,"column":0},"end":{"line":6,"column":3}},"6":{"start":{"line":7,"column":0},"end":{"line":7,"column":10}},"7":{"start":{"line":8,"column":0},"end":{"line":8,"column":24}},"8":{"start":{"line":9,"column":0},"end":{"line":9,"column":22}},"9":{"start":{"line":10,"column":0},"end":{"line":10,"column":22}},"10":{"start":{"line":11,"column":0},"end":{"line":11,"column":4}},"11":{"start":{"line":12,"column":0},"end":{"line":12,"column":3}},"12":{"start":{"line":13,"column":0},"end":{"line":13,"column":10}},"13":{"start":{"line":14,"column":0},"end":{"line":14,"column":24}},"14":{"start":{"line":15,"column":0},"end":{"line":15,"column":22}},"15":{"start":{"line":16,"column":0},"end":{"line":16,"column":23}},"16":{"start":{"line":17,"column":0},"end":{"line":17,"column":4}},"17":{"start":{"line":18,"column":0},"end":{"line":18,"column":3}},"18":{"start":{"line":19,"column":0},"end":{"line":19,"column":10}},"19":{"start":{"line":20,"column":0},"end":{"line":20,"column":24}},"20":{"start":{"line":21,"column":0},"end":{"line":21,"column":22}},"21":{"start":{"line":22,"column":0},"end":{"line":22,"column":24}},"22":{"start":{"line":23,"column":0},"end":{"line":23,"column":4}},"23":{"start":{"line":24,"column":0},"end":{"line":24,"column":3}},"24":{"start":{"line":25,"column":0},"end":{"line":25,"column":10}},"25":{"start":{"line":26,"column":0},"end":{"line":26,"column":24}},"26":{"start":{"line":27,"column":0},"end":{"line":27,"column":22}},"27":{"start":{"line":28,"column":0},"end":{"line":28,"column":24}},"28":{"start":{"line":29,"column":0},"end":{"line":29,"column":4}},"29":{"start":{"line":30,"column":0},"end":{"line":30,"column":3}},"30":{"start":{"line":31,"column":0},"end":{"line":31,"column":10}},"31":{"start":{"line":32,"column":0},"end":{"line":32,"column":24}},"32":{"start":{"line":33,"column":0},"end":{"line":33,"column":22}},"33":{"start":{"line":34,"column":0},"end":{"line":34,"column":22}},"34":{"start":{"line":35,"column":0},"end":{"line":35,"column":4}},"35":{"start":{"line":36,"column":0},"end":{"line":36,"column":3}},"36":{"start":{"line":37,"column":0},"end":{"line":37,"column":10}},"37":{"start":{"line":38,"column":0},"end":{"line":38,"column":24}},"38":{"start":{"line":39,"column":0},"end":{"line":39,"column":22}},"39":{"start":{"line":40,"column":0},"end":{"line":40,"column":46}},"40":{"start":{"line":41,"column":0},"end":{"line":41,"column":4}},"41":{"start":{"line":42,"column":0},"end":{"line":42,"column":3}},"42":{"start":{"line":43,"column":0},"end":{"line":43,"column":10}},"43":{"start":{"line":44,"column":0},"end":{"line":44,"column":24}},"44":{"start":{"line":45,"column":0},"end":{"line":45,"column":22}},"45":{"start":{"line":46,"column":0},"end":{"line":46,"column":45}},"46":{"start":{"line":47,"column":0},"end":{"line":47,"column":4}},"47":{"start":{"line":48,"column":0},"end":{"line":48,"column":3}},"48":{"start":{"line":49,"column":0},"end":{"line":49,"column":10}},"49":{"start":{"line":50,"column":0},"end":{"line":50,"column":24}},"50":{"start":{"line":51,"column":0},"end":{"line":51,"column":22}},"51":{"start":{"line":52,"column":0},"end":{"line":52,"column":22}},"52":{"start":{"line":53,"column":0},"end":{"line":53,"column":4}},"53":{"start":{"line":54,"column":0},"end":{"line":54,"column":3}},"54":{"start":{"line":55,"column":0},"end":{"line":55,"column":10}},"55":{"start":{"line":56,"column":0},"end":{"line":56,"column":24}},"56":{"start":{"line":57,"column":0},"end":{"line":57,"column":22}},"57":{"start":{"line":58,"column":0},"end":{"line":58,"column":23}},"58":{"start":{"line":59,"column":0},"end":{"line":59,"column":4}},"59":{"start":{"line":60,"column":0},"end":{"line":60,"column":3}},"60":{"start":{"line":61,"column":0},"end":{"line":61,"column":11}},"61":{"start":{"line":62,"column":0},"end":{"line":62,"column":24}},"62":{"start":{"line":63,"column":0},"end":{"line":63,"column":22}},"63":{"start":{"line":64,"column":0},"end":{"line":64,"column":24}},"64":{"start":{"line":65,"column":0},"end":{"line":65,"column":4}},"65":{"start":{"line":66,"column":0},"end":{"line":66,"column":3}},"66":{"start":{"line":67,"column":0},"end":{"line":67,"column":11}},"67":{"start":{"line":68,"column":0},"end":{"line":68,"column":24}},"68":{"start":{"line":69,"column":0},"end":{"line":69,"column":22}},"69":{"start":{"line":70,"column":0},"end":{"line":70,"column":24}},"70":{"start":{"line":71,"column":0},"end":{"line":71,"column":4}},"71":{"start":{"line":72,"column":0},"end":{"line":72,"column":3}},"72":{"start":{"line":73,"column":0},"end":{"line":73,"column":11}},"73":{"start":{"line":74,"column":0},"end":{"line":74,"column":24}},"74":{"start":{"line":75,"column":0},"end":{"line":75,"column":22}},"75":{"start":{"line":76,"column":0},"end":{"line":76,"column":22}},"76":{"start":{"line":77,"column":0},"end":{"line":77,"column":4}},"77":{"start":{"line":78,"column":0},"end":{"line":78,"column":3}},"78":{"start":{"line":79,"column":0},"end":{"line":79,"column":11}},"79":{"start":{"line":80,"column":0},"end":{"line":80,"column":24}},"80":{"start":{"line":81,"column":0},"end":{"line":81,"column":22}},"81":{"start":{"line":82,"column":0},"end":{"line":82,"column":46}},"82":{"start":{"line":83,"column":0},"end":{"line":83,"column":4}},"83":{"start":{"line":84,"column":0},"end":{"line":84,"column":3}},"84":{"start":{"line":85,"column":0},"end":{"line":85,"column":11}},"85":{"start":{"line":86,"column":0},"end":{"line":86,"column":24}},"86":{"start":{"line":87,"column":0},"end":{"line":87,"column":22}},"87":{"start":{"line":88,"column":0},"end":{"line":88,"column":45}},"88":{"start":{"line":89,"column":0},"end":{"line":89,"column":3}},"89":{"start":{"line":90,"column":0},"end":{"line":90,"column":2}},"91":{"start":{"line":92,"column":0},"end":{"line":92,"column":16}},"92":{"start":{"line":93,"column":0},"end":{"line":93,"column":10}},"93":{"start":{"line":94,"column":0},"end":{"line":94,"column":25}},"94":{"start":{"line":95,"column":0},"end":{"line":95,"column":37}},"95":{"start":{"line":96,"column":0},"end":{"line":96,"column":31}},"96":{"start":{"line":97,"column":0},"end":{"line":97,"column":68}},"98":{"start":{"line":99,"column":0},"end":{"line":99,"column":36}},"99":{"start":{"line":100,"column":0},"end":{"line":100,"column":42}},"103":{"start":{"line":104,"column":0},"end":{"line":104,"column":1}},"105":{"start":{"line":106,"column":0},"end":{"line":106,"column":19}}},"s":{"0":0,"1":0,"4":0,"5":0,"6":0,"7":0,"8":0,"9":0,"10":0,"11":0,"12":0,"13":0,"14":0,"15":0,"16":0,"17":0,"18":0,"19":0,"20":0,"21":0,"22":0,"23":0,"24":0,"25":0,"26":0,"27":0,"28":0,"29":0,"30":0,"31":0,"32":0,"33":0,"34":0,"35":0,"36":0,"37":0,"38":0,"39":0,"40":0,"41":0,"42":0,"43":0,"44":0,"45":0,"46":0,"47":0,"48":0,"49":0,"50":0,"51":0,"52":0,"53":0,"54":0,"55":0,"56":0,"57":0,"58":0,"59":0,"60":0,"61":0,"62":0,"63":0,"64":0,"65":0,"66":0,"67":0,"68":0,"69":0,"70":0,"71":0,"72":0,"73":0,"74":0,"75":0,"76":0,"77":0,"78":0,"79":0,"80":0,"81":0,"82":0,"83":0,"84":0,"85":0,"86":0,"87":0,"88":0,"89":0,"91":0,"92":0,"93":0,"94":0,"95":0,"96":0,"98":0,"99":0,"103":0,"105":0},"branchMap":{"0":{"type":"branch","line":1,"loc":{"start":{"line":1,"column":1893},"end":{"line":106,"column":19}},"locations":[{"start":{"line":1,"column":1893},"end":{"line":106,"column":19}}]}},"b":{"0":[0]},"fnMap":{"0":{"name":"(empty-report)","decl":{"start":{"line":1,"column":1893},"end":{"line":106,"column":19}},"loc":{"start":{"line":1,"column":1893},"end":{"line":106,"column":19}},"line":1}},"f":{"0":0}}
,"/home/gabb-c/My-Stuff/repositories/react-timeline/src/main.tsx": {"path":"/home/gabb-c/My-Stuff/repositories/react-timeline/src/main.tsx","all":true,"statementMap":{"0":{"start":{"line":1,"column":0},"end":{"line":1,"column":34}},"1":{"start":{"line":2,"column":0},"end":{"line":2,"column":45}},"2":{"start":{"line":3,"column":0},"end":{"line":3,"column":20}},"3":{"start":{"line":4,"column":0},"end":{"line":4,"column":27}},"5":{"start":{"line":6,"column":0},"end":{"line":6,"column":52}},"6":{"start":{"line":7,"column":0},"end":{"line":7,"column":14}},"7":{"start":{"line":8,"column":0},"end":{"line":8,"column":11}}},"s":{"0":0,"1":0,"2":0,"3":0,"5":0,"6":0,"7":0},"branchMap":{"0":{"type":"branch","line":1,"loc":{"start":{"line":1,"column":229},"end":{"line":10,"column":1}},"locations":[{"start":{"line":1,"column":229},"end":{"line":10,"column":1}}]}},"b":{"0":[0]},"fnMap":{"0":{"name":"(empty-report)","decl":{"start":{"line":1,"column":229},"end":{"line":10,"column":1}},"loc":{"start":{"line":1,"column":229},"end":{"line":10,"column":1}},"line":1}},"f":{"0":0}}
,"/home/gabb-c/My-Stuff/repositories/react-timeline/src/components/Timeline.tsx": {"path":"/home/gabb-c/My-Stuff/repositories/react-timeline/src/components/Timeline.tsx","all":false,"statementMap":{"0":{"start":{"line":1,"column":0},"end":{"line":1,"column":61}},"1":{"start":{"line":2,"column":0},"end":{"line":2,"column":24}},"20":{"start":{"line":21,"column":0},"end":{"line":21,"column":58}},"21":{"start":{"line":22,"column":0},"end":{"line":22,"column":40}},"22":{"start":{"line":23,"column":0},"end":{"line":23,"column":54}},"23":{"start":{"line":24,"column":0},"end":{"line":24,"column":45}},"30":{"start":{"line":31,"column":0},"end":{"line":31,"column":18}},"31":{"start":{"line":32,"column":0},"end":{"line":32,"column":70}},"32":{"start":{"line":33,"column":0},"end":{"line":33,"column":53}},"33":{"start":{"line":34,"column":0},"end":{"line":34,"column":76}},"34":{"start":{"line":35,"column":0},"end":{"line":35,"column":77}},"35":{"start":{"line":36,"column":0},"end":{"line":36,"column":51}},"36":{"start":{"line":37,"column":0},"end":{"line":37,"column":50}},"38":{"start":{"line":39,"column":0},"end":{"line":39,"column":42}},"39":{"start":{"line":40,"column":0},"end":{"line":40,"column":62}},"40":{"start":{"line":41,"column":0},"end":{"line":41,"column":102}},"42":{"start":{"line":43,"column":0},"end":{"line":43,"column":51}},"43":{"start":{"line":44,"column":0},"end":{"line":44,"column":92}},"44":{"start":{"line":45,"column":0},"end":{"line":45,"column":71}},"45":{"start":{"line":46,"column":0},"end":{"line":46,"column":71}},"47":{"start":{"line":48,"column":0},"end":{"line":48,"column":28}},"48":{"start":{"line":49,"column":0},"end":{"line":49,"column":43}},"49":{"start":{"line":50,"column":0},"end":{"line":50,"column":43}},"51":{"start":{"line":52,"column":0},"end":{"line":52,"column":40}},"52":{"start":{"line":53,"column":0},"end":{"line":53,"column":102}},"54":{"start":{"line":55,"column":0},"end":{"line":55,"column":48}},"55":{"start":{"line":56,"column":0},"end":{"line":56,"column":22}},"57":{"start":{"line":58,"column":0},"end":{"line":58,"column":46}},"58":{"start":{"line":59,"column":0},"end":{"line":59,"column":59}},"59":{"start":{"line":60,"column":0},"end":{"line":60,"column":41}},"61":{"start":{"line":62,"column":0},"end":{"line":62,"column":31}},"62":{"start":{"line":63,"column":0},"end":{"line":63,"column":58}},"63":{"start":{"line":64,"column":0},"end":{"line":64,"column":63}},"66":{"start":{"line":67,"column":0},"end":{"line":67,"column":40}},"67":{"start":{"line":68,"column":0},"end":{"line":68,"column":40}},"69":{"start":{"line":70,"column":0},"end":{"line":70,"column":35}},"70":{"start":{"line":71,"column":0},"end":{"line":71,"column":33}},"71":{"start":{"line":72,"column":0},"end":{"line":72,"column":55}},"72":{"start":{"line":73,"column":0},"end":{"line":73,"column":51}},"74":{"start":{"line":75,"column":0},"end":{"line":75,"column":44}},"75":{"start":{"line":76,"column":0},"end":{"line":76,"column":77}},"76":{"start":{"line":77,"column":0},"end":{"line":77,"column":83}},"78":{"start":{"line":79,"column":0},"end":{"line":79,"column":47}},"79":{"start":{"line":80,"column":0},"end":{"line":80,"column":47}},"80":{"start":{"line":81,"column":0},"end":{"line":81,"column":21}},"81":{"start":{"line":82,"column":0},"end":{"line":82,"column":18}},"82":{"start":{"line":83,"column":0},"end":{"line":83,"column":37}},"83":{"start":{"line":84,"column":0},"end":{"line":84,"column":17}},"84":{"start":{"line":85,"column":0},"end":{"line":85,"column":15}},"85":{"start":{"line":86,"column":0},"end":{"line":86,"column":11}},"86":{"start":{"line":87,"column":0},"end":{"line":87,"column":15}},"87":{"start":{"line":88,"column":0},"end":{"line":88,"column":7}},"89":{"start":{"line":90,"column":0},"end":{"line":90,"column":52}},"90":{"start":{"line":91,"column":0},"end":{"line":91,"column":24}},"91":{"start":{"line":92,"column":0},"end":{"line":92,"column":40}},"92":{"start":{"line":93,"column":0},"end":{"line":93,"column":47}},"93":{"start":{"line":94,"column":0},"end":{"line":94,"column":16}},"94":{"start":{"line":95,"column":0},"end":{"line":95,"column":9}},"95":{"start":{"line":96,"column":0},"end":{"line":96,"column":20}},"96":{"start":{"line":97,"column":0},"end":{"line":97,"column":7}},"98":{"start":{"line":99,"column":0},"end":{"line":99,"column":47}},"99":{"start":{"line":100,"column":0},"end":{"line":100,"column":39}},"100":{"start":{"line":101,"column":0},"end":{"line":101,"column":31}},"101":{"start":{"line":102,"column":0},"end":{"line":102,"column":7}},"103":{"start":{"line":104,"column":0},"end":{"line":104,"column":35}},"104":{"start":{"line":105,"column":0},"end":{"line":105,"column":37}},"106":{"start":{"line":107,"column":0},"end":{"line":107,"column":38}},"107":{"start":{"line":108,"column":0},"end":{"line":108,"column":19}},"108":{"start":{"line":109,"column":0},"end":{"line":109,"column":16}},"109":{"start":{"line":110,"column":0},"end":{"line":110,"column":24}},"110":{"start":{"line":111,"column":0},"end":{"line":111,"column":15}},"111":{"start":{"line":112,"column":0},"end":{"line":112,"column":13}},"112":{"start":{"line":113,"column":0},"end":{"line":113,"column":9}},"113":{"start":{"line":114,"column":0},"end":{"line":114,"column":7}},"115":{"start":{"line":116,"column":0},"end":{"line":116,"column":18}},"116":{"start":{"line":117,"column":0},"end":{"line":117,"column":44}},"118":{"start":{"line":119,"column":0},"end":{"line":119,"column":37}},"119":{"start":{"line":120,"column":0},"end":{"line":120,"column":33}},"120":{"start":{"line":121,"column":0},"end":{"line":121,"column":42}},"121":{"start":{"line":122,"column":0},"end":{"line":122,"column":63}},"122":{"start":{"line":123,"column":0},"end":{"line":123,"column":24}},"124":{"start":{"line":125,"column":0},"end":{"line":125,"column":30}},"125":{"start":{"line":126,"column":0},"end":{"line":126,"column":30}},"126":{"start":{"line":127,"column":0},"end":{"line":127,"column":56}},"127":{"start":{"line":128,"column":0},"end":{"line":128,"column":4}},"129":{"start":{"line":130,"column":0},"end":{"line":130,"column":31}},"130":{"start":{"line":131,"column":0},"end":{"line":131,"column":58}},"131":{"start":{"line":132,"column":0},"end":{"line":132,"column":4}},"133":{"start":{"line":134,"column":0},"end":{"line":134,"column":43}},"134":{"start":{"line":135,"column":0},"end":{"line":135,"column":39}},"135":{"start":{"line":136,"column":0},"end":{"line":136,"column":21}},"136":{"start":{"line":137,"column":0},"end":{"line":137,"column":42}},"138":{"start":{"line":139,"column":0},"end":{"line":139,"column":36}},"139":{"start":{"line":140,"column":0},"end":{"line":140,"column":40}},"140":{"start":{"line":141,"column":0},"end":{"line":141,"column":53}},"141":{"start":{"line":142,"column":0},"end":{"line":142,"column":5}},"143":{"start":{"line":144,"column":0},"end":{"line":144,"column":17}},"144":{"start":{"line":145,"column":0},"end":{"line":145,"column":25}},"146":{"start":{"line":147,"column":0},"end":{"line":147,"column":44}},"147":{"start":{"line":148,"column":0},"end":{"line":148,"column":72}},"148":{"start":{"line":149,"column":0},"end":{"line":149,"column":42}},"150":{"start":{"line":151,"column":0},"end":{"line":151,"column":61}},"151":{"start":{"line":152,"column":0},"end":{"line":152,"column":36}},"153":{"start":{"line":154,"column":0},"end":{"line":154,"column":39}},"154":{"start":{"line":155,"column":0},"end":{"line":155,"column":45}},"156":{"start":{"line":157,"column":0},"end":{"line":157,"column":49}},"157":{"start":{"line":158,"column":0},"end":{"line":158,"column":61}},"158":{"start":{"line":159,"column":0},"end":{"line":159,"column":24}},"159":{"start":{"line":160,"column":0},"end":{"line":160,"column":4}},"161":{"start":{"line":162,"column":0},"end":{"line":162,"column":45}},"162":{"start":{"line":163,"column":0},"end":{"line":163,"column":73}},"163":{"start":{"line":164,"column":0},"end":{"line":164,"column":41}},"165":{"start":{"line":166,"column":0},"end":{"line":166,"column":60}},"166":{"start":{"line":167,"column":0},"end":{"line":167,"column":35}},"168":{"start":{"line":169,"column":0},"end":{"line":169,"column":47}},"169":{"start":{"line":170,"column":0},"end":{"line":170,"column":27}},"171":{"start":{"line":172,"column":0},"end":{"line":172,"column":63}},"172":{"start":{"line":173,"column":0},"end":{"line":173,"column":26}},"173":{"start":{"line":174,"column":0},"end":{"line":174,"column":44}},"175":{"start":{"line":176,"column":0},"end":{"line":176,"column":34}},"176":{"start":{"line":177,"column":0},"end":{"line":177,"column":29}},"177":{"start":{"line":178,"column":0},"end":{"line":178,"column":4}},"179":{"start":{"line":180,"column":0},"end":{"line":180,"column":25}},"180":{"start":{"line":181,"column":0},"end":{"line":181,"column":100}},"181":{"start":{"line":182,"column":0},"end":{"line":182,"column":23}},"182":{"start":{"line":183,"column":0},"end":{"line":183,"column":46}},"183":{"start":{"line":184,"column":0},"end":{"line":184,"column":35}},"185":{"start":{"line":186,"column":0},"end":{"line":186,"column":67}},"186":{"start":{"line":187,"column":0},"end":{"line":187,"column":60}},"187":{"start":{"line":188,"column":0},"end":{"line":188,"column":72}},"188":{"start":{"line":189,"column":0},"end":{"line":189,"column":41}},"190":{"start":{"line":191,"column":0},"end":{"line":191,"column":44}},"191":{"start":{"line":192,"column":0},"end":{"line":192,"column":73}},"192":{"start":{"line":193,"column":0},"end":{"line":193,"column":31}},"194":{"start":{"line":195,"column":0},"end":{"line":195,"column":24}},"195":{"start":{"line":196,"column":0},"end":{"line":196,"column":18}},"196":{"start":{"line":197,"column":0},"end":{"line":197,"column":10}},"197":{"start":{"line":198,"column":0},"end":{"line":198,"column":12}},"198":{"start":{"line":199,"column":0},"end":{"line":199,"column":26}},"199":{"start":{"line":200,"column":0},"end":{"line":200,"column":15}},"200":{"start":{"line":201,"column":0},"end":{"line":201,"column":18}},"201":{"start":{"line":202,"column":0},"end":{"line":202,"column":38}},"202":{"start":{"line":203,"column":0},"end":{"line":203,"column":7}},"203":{"start":{"line":204,"column":0},"end":{"line":204,"column":4}},"205":{"start":{"line":206,"column":0},"end":{"line":206,"column":52}},"206":{"start":{"line":207,"column":0},"end":{"line":207,"column":41}},"208":{"start":{"line":209,"column":0},"end":{"line":209,"column":46}},"209":{"start":{"line":210,"column":0},"end":{"line":210,"column":35}},"211":{"start":{"line":212,"column":0},"end":{"line":212,"column":55}},"212":{"start":{"line":213,"column":0},"end":{"line":213,"column":63}},"214":{"start":{"line":215,"column":0},"end":{"line":215,"column":70}},"215":{"start":{"line":216,"column":0},"end":{"line":216,"column":51}},"216":{"start":{"line":217,"column":0},"end":{"line":217,"column":50}},"218":{"start":{"line":219,"column":0},"end":{"line":219,"column":27}},"219":{"start":{"line":220,"column":0},"end":{"line":220,"column":62}},"221":{"start":{"line":222,"column":0},"end":{"line":222,"column":52}},"222":{"start":{"line":223,"column":0},"end":{"line":223,"column":35}},"223":{"start":{"line":224,"column":0},"end":{"line":224,"column":44}},"224":{"start":{"line":225,"column":0},"end":{"line":225,"column":59}},"225":{"start":{"line":226,"column":0},"end":{"line":226,"column":47}},"226":{"start":{"line":227,"column":0},"end":{"line":227,"column":33}},"227":{"start":{"line":228,"column":0},"end":{"line":228,"column":18}},"228":{"start":{"line":229,"column":0},"end":{"line":229,"column":29}},"229":{"start":{"line":230,"column":0},"end":{"line":230,"column":12}},"230":{"start":{"line":231,"column":0},"end":{"line":231,"column":7}},"231":{"start":{"line":232,"column":0},"end":{"line":232,"column":5}},"233":{"start":{"line":234,"column":0},"end":{"line":234,"column":34}},"234":{"start":{"line":235,"column":0},"end":{"line":235,"column":29}},"235":{"start":{"line":236,"column":0},"end":{"line":236,"column":38}},"236":{"start":{"line":237,"column":0},"end":{"line":237,"column":42}},"237":{"start":{"line":238,"column":0},"end":{"line":238,"column":54}},"238":{"start":{"line":239,"column":0},"end":{"line":239,"column":47}},"239":{"start":{"line":240,"column":0},"end":{"line":240,"column":47}},"240":{"start":{"line":241,"column":0},"end":{"line":241,"column":53}},"241":{"start":{"line":242,"column":0},"end":{"line":242,"column":47}},"242":{"start":{"line":243,"column":0},"end":{"line":243,"column":55}},"243":{"start":{"line":244,"column":0},"end":{"line":244,"column":51}},"244":{"start":{"line":245,"column":0},"end":{"line":245,"column":49}},"245":{"start":{"line":246,"column":0},"end":{"line":246,"column":51}},"246":{"start":{"line":247,"column":0},"end":{"line":247,"column":48}},"247":{"start":{"line":248,"column":0},"end":{"line":248,"column":70}},"248":{"start":{"line":249,"column":0},"end":{"line":249,"column":51}},"249":{"start":{"line":250,"column":0},"end":{"line":250,"column":47}},"250":{"start":{"line":251,"column":0},"end":{"line":251,"column":69}},"252":{"start":{"line":253,"column":0},"end":{"line":253,"column":64}},"253":{"start":{"line":254,"column":0},"end":{"line":254,"column":68}},"255":{"start":{"line":256,"column":0},"end":{"line":256,"column":75}},"257":{"start":{"line":258,"column":0},"end":{"line":258,"column":21}},"258":{"start":{"line":259,"column":0},"end":{"line":259,"column":23}},"259":{"start":{"line":260,"column":0},"end":{"line":260,"column":62}},"260":{"start":{"line":261,"column":0},"end":{"line":261,"column":57}},"261":{"start":{"line":262,"column":0},"end":{"line":262,"column":14}},"262":{"start":{"line":263,"column":0},"end":{"line":263,"column":11}},"263":{"start":{"line":264,"column":0},"end":{"line":264,"column":9}},"264":{"start":{"line":265,"column":0},"end":{"line":265,"column":20}},"265":{"start":{"line":266,"column":0},"end":{"line":266,"column":8}},"267":{"start":{"line":268,"column":0},"end":{"line":268,"column":4}},"269":{"start":{"line":270,"column":0},"end":{"line":270,"column":31}},"270":{"start":{"line":271,"column":0},"end":{"line":271,"column":25}},"271":{"start":{"line":272,"column":0},"end":{"line":272,"column":22}},"272":{"start":{"line":273,"column":0},"end":{"line":273,"column":4}},"274":{"start":{"line":275,"column":0},"end":{"line":275,"column":19}},"275":{"start":{"line":276,"column":0},"end":{"line":276,"column":83}},"276":{"start":{"line":277,"column":0},"end":{"line":277,"column":21}},"277":{"start":{"line":278,"column":0},"end":{"line":278,"column":41}},"278":{"start":{"line":279,"column":0},"end":{"line":279,"column":29}},"279":{"start":{"line":280,"column":0},"end":{"line":280,"column":26}},"280":{"start":{"line":281,"column":0},"end":{"line":281,"column":8}},"282":{"start":{"line":283,"column":0},"end":{"line":283,"column":62}},"283":{"start":{"line":284,"column":0},"end":{"line":284,"column":78}},"284":{"start":{"line":285,"column":0},"end":{"line":285,"column":5}},"285":{"start":{"line":286,"column":0},"end":{"line":286,"column":19}},"287":{"start":{"line":288,"column":0},"end":{"line":288,"column":26}},"288":{"start":{"line":289,"column":0},"end":{"line":289,"column":59}},"289":{"start":{"line":290,"column":0},"end":{"line":290,"column":23}},"290":{"start":{"line":291,"column":0},"end":{"line":291,"column":25}},"291":{"start":{"line":292,"column":0},"end":{"line":292,"column":4}},"293":{"start":{"line":294,"column":0},"end":{"line":294,"column":72}},"294":{"start":{"line":295,"column":0},"end":{"line":295,"column":35}},"295":{"start":{"line":296,"column":0},"end":{"line":296,"column":4}},"297":{"start":{"line":298,"column":0},"end":{"line":298,"column":36}},"298":{"start":{"line":299,"column":0},"end":{"line":299,"column":31}},"299":{"start":{"line":300,"column":0},"end":{"line":300,"column":36}},"300":{"start":{"line":301,"column":0},"end":{"line":301,"column":30}},"301":{"start":{"line":302,"column":0},"end":{"line":302,"column":73}},"304":{"start":{"line":305,"column":0},"end":{"line":305,"column":27}},"305":{"start":{"line":306,"column":0},"end":{"line":306,"column":5}},"306":{"start":{"line":307,"column":0},"end":{"line":307,"column":4}},"308":{"start":{"line":309,"column":0},"end":{"line":309,"column":53}},"309":{"start":{"line":310,"column":0},"end":{"line":310,"column":28}},"310":{"start":{"line":311,"column":0},"end":{"line":311,"column":27}},"311":{"start":{"line":312,"column":0},"end":{"line":312,"column":36}},"312":{"start":{"line":313,"column":0},"end":{"line":313,"column":27}},"313":{"start":{"line":314,"column":0},"end":{"line":314,"column":5}},"314":{"start":{"line":315,"column":0},"end":{"line":315,"column":4}},"316":{"start":{"line":317,"column":0},"end":{"line":317,"column":27}},"317":{"start":{"line":318,"column":0},"end":{"line":318,"column":34}},"318":{"start":{"line":319,"column":0},"end":{"line":319,"column":23}},"319":{"start":{"line":320,"column":0},"end":{"line":320,"column":4}},"321":{"start":{"line":322,"column":0},"end":{"line":322,"column":10}},"322":{"start":{"line":323,"column":0},"end":{"line":323,"column":40}},"323":{"start":{"line":324,"column":0},"end":{"line":324,"column":41}},"324":{"start":{"line":325,"column":0},"end":{"line":325,"column":55}},"325":{"start":{"line":326,"column":0},"end":{"line":326,"column":57}},"326":{"start":{"line":327,"column":0},"end":{"line":327,"column":63}},"329":{"start":{"line":330,"column":0},"end":{"line":330,"column":11}},"330":{"start":{"line":331,"column":0},"end":{"line":331,"column":25}},"331":{"start":{"line":332,"column":0},"end":{"line":332,"column":29}},"332":{"start":{"line":333,"column":0},"end":{"line":333,"column":37}},"333":{"start":{"line":334,"column":0},"end":{"line":334,"column":33}},"334":{"start":{"line":335,"column":0},"end":{"line":335,"column":61}},"337":{"start":{"line":338,"column":0},"end":{"line":338,"column":41}},"338":{"start":{"line":339,"column":0},"end":{"line":339,"column":43}},"339":{"start":{"line":340,"column":0},"end":{"line":340,"column":17}},"340":{"start":{"line":341,"column":0},"end":{"line":341,"column":22}},"341":{"start":{"line":342,"column":0},"end":{"line":342,"column":39}},"342":{"start":{"line":343,"column":0},"end":{"line":343,"column":23}},"343":{"start":{"line":344,"column":0},"end":{"line":344,"column":41}},"344":{"start":{"line":345,"column":0},"end":{"line":345,"column":43}},"345":{"start":{"line":346,"column":0},"end":{"line":346,"column":16}},"347":{"start":{"line":348,"column":0},"end":{"line":348,"column":31}},"348":{"start":{"line":349,"column":0},"end":{"line":349,"column":44}},"349":{"start":{"line":350,"column":0},"end":{"line":350,"column":90}},"357":{"start":{"line":358,"column":0},"end":{"line":358,"column":13}},"358":{"start":{"line":359,"column":0},"end":{"line":359,"column":26}},"359":{"start":{"line":360,"column":0},"end":{"line":360,"column":38}},"360":{"start":{"line":361,"column":0},"end":{"line":361,"column":55}},"363":{"start":{"line":364,"column":0},"end":{"line":364,"column":66}},"364":{"start":{"line":365,"column":0},"end":{"line":365,"column":17}},"365":{"start":{"line":366,"column":0},"end":{"line":366,"column":35}},"366":{"start":{"line":367,"column":0},"end":{"line":367,"column":39}},"367":{"start":{"line":368,"column":0},"end":{"line":368,"column":48}},"371":{"start":{"line":372,"column":0},"end":{"line":372,"column":42}},"372":{"start":{"line":373,"column":0},"end":{"line":373,"column":17}},"373":{"start":{"line":374,"column":0},"end":{"line":374,"column":27}},"374":{"start":{"line":375,"column":0},"end":{"line":375,"column":101}},"375":{"start":{"line":376,"column":0},"end":{"line":376,"column":22}},"376":{"start":{"line":377,"column":0},"end":{"line":377,"column":54}},"377":{"start":{"line":378,"column":0},"end":{"line":378,"column":54}},"378":{"start":{"line":379,"column":0},"end":{"line":379,"column":43}},"379":{"start":{"line":380,"column":0},"end":{"line":380,"column":16}},"381":{"start":{"line":382,"column":0},"end":{"line":382,"column":19}},"382":{"start":{"line":383,"column":0},"end":{"line":383,"column":54}},"383":{"start":{"line":384,"column":0},"end":{"line":384,"column":63}},"386":{"start":{"line":387,"column":0},"end":{"line":387,"column":19}},"387":{"start":{"line":388,"column":0},"end":{"line":388,"column":49}},"388":{"start":{"line":389,"column":0},"end":{"line":389,"column":62}},"389":{"start":{"line":390,"column":0},"end":{"line":390,"column":75}},"391":{"start":{"line":392,"column":0},"end":{"line":392,"column":44}},"392":{"start":{"line":393,"column":0},"end":{"line":393,"column":25}},"393":{"start":{"line":394,"column":0},"end":{"line":394,"column":32}},"394":{"start":{"line":395,"column":0},"end":{"line":395,"column":39}},"395":{"start":{"line":396,"column":0},"end":{"line":396,"column":47}},"396":{"start":{"line":397,"column":0},"end":{"line":397,"column":47}},"397":{"start":{"line":398,"column":0},"end":{"line":398,"column":45}},"398":{"start":{"line":399,"column":0},"end":{"line":399,"column":29}},"401":{"start":{"line":402,"column":0},"end":{"line":402,"column":73}},"403":{"start":{"line":404,"column":0},"end":{"line":404,"column":53}},"404":{"start":{"line":405,"column":0},"end":{"line":405,"column":43}},"408":{"start":{"line":409,"column":0},"end":{"line":409,"column":19}},"409":{"start":{"line":410,"column":0},"end":{"line":410,"column":55}},"410":{"start":{"line":411,"column":0},"end":{"line":411,"column":61}},"418":{"start":{"line":419,"column":0},"end":{"line":419,"column":2}},"420":{"start":{"line":421,"column":0},"end":{"line":421,"column":24}}},"s":{"0":1,"1":1,"20":1,"21":42,"22":42,"23":42,"30":42,"31":42,"32":42,"33":42,"34":42,"35":42,"36":42,"38":42,"39":42,"40":10,"42":10,"43":10,"44":10,"45":10,"47":10,"48":10,"49":10,"51":10,"52":10,"54":10,"55":42,"57":42,"58":42,"59":11,"61":11,"62":11,"63":22,"66":11,"67":11,"69":11,"70":11,"71":33,"72":33,"74":33,"75":33,"76":33,"78":33,"79":33,"80":1,"81":1,"82":1,"83":1,"84":1,"85":1,"86":1,"87":1,"89":32,"90":32,"91":33,"92":21,"93":21,"94":21,"95":0,"96":0,"98":32,"99":33,"100":11,"101":11,"103":32,"104":32,"106":32,"107":32,"108":32,"109":32,"110":32,"111":32,"112":32,"113":32,"115":11,"116":42,"118":42,"119":42,"120":11,"121":11,"122":42,"124":42,"125":42,"126":1,"127":1,"129":42,"130":1,"131":1,"133":42,"134":42,"135":10,"136":10,"138":10,"139":190,"140":190,"141":190,"143":10,"144":42,"146":42,"147":42,"148":6,"150":6,"151":6,"153":6,"154":6,"156":6,"157":6,"158":6,"159":6,"161":42,"162":42,"163":1,"165":1,"166":1,"168":1,"169":1,"171":1,"172":1,"173":1,"175":1,"176":1,"177":1,"179":42,"180":42,"181":5,"182":5,"183":5,"185":5,"186":5,"187":5,"188":5,"190":5,"191":5,"192":5,"194":5,"195":5,"196":5,"197":5,"198":5,"199":5,"200":5,"201":5,"202":5,"203":5,"205":42,"206":3,"208":1,"209":3,"211":1,"212":1,"214":1,"215":1,"216":1,"218":1,"219":1,"221":1,"222":1,"223":1,"224":1,"225":1,"226":1,"227":1,"228":1,"229":1,"230":1,"231":1,"233":1,"234":1,"235":3,"236":1,"237":0,"238":0,"239":0,"240":0,"241":1,"242":0,"243":0,"244":0,"245":0,"246":1,"247":1,"248":1,"249":1,"250":1,"252":1,"253":1,"255":1,"257":1,"258":1,"259":1,"260":1,"261":1,"262":1,"263":1,"264":2,"265":2,"267":1,"269":42,"270":5,"271":5,"272":5,"274":42,"275":18,"276":18,"277":5,"278":5,"279":5,"280":5,"282":5,"283":5,"284":5,"285":42,"287":42,"288":42,"289":1,"290":1,"291":1,"293":42,"294":18,"295":18,"297":42,"298":1,"299":1,"300":1,"301":3,"304":1,"305":1,"306":1,"308":42,"309":18,"310":1,"311":18,"312":0,"313":0,"314":18,"316":42,"317":42,"318":1,"319":1,"321":42,"322":42,"323":42,"324":42,"325":42,"326":42,"329":42,"330":42,"331":42,"332":42,"333":42,"334":42,"337":42,"338":42,"339":42,"340":42,"341":42,"342":42,"343":42,"344":42,"345":42,"347":42,"348":42,"349":42,"357":42,"358":42,"359":42,"360":42,"363":42,"364":42,"365":42,"366":42,"367":42,"371":42,"372":42,"373":42,"374":42,"375":42,"376":42,"377":42,"378":42,"379":42,"381":42,"382":42,"383":42,"386":42,"387":42,"388":42,"389":42,"391":42,"392":21,"393":21,"394":21,"395":21,"396":21,"397":21,"398":21,"401":42,"403":42,"404":42,"408":42,"409":42,"410":42,"418":42,"420":1},"branchMap":{"0":{"type":"branch","line":21,"loc":{"start":{"line":21,"column":42},"end":{"line":419,"column":2}},"locations":[{"start":{"line":21,"column":42},"end":{"line":419,"column":2}}]},"1":{"type":"branch","line":40,"loc":{"start":{"line":40,"column":55},"end":{"line":56,"column":5}},"locations":[{"start":{"line":40,"column":55},"end":{"line":56,"column":5}}]},"2":{"type":"branch","line":41,"loc":{"start":{"line":41,"column":31},"end":{"line":41,"column":102}},"locations":[{"start":{"line":41,"column":31},"end":{"line":41,"column":102}}]},"3":{"type":"branch","line":44,"loc":{"start":{"line":44,"column":40},"end":{"line":44,"column":92}},"locations":[{"start":{"line":44,"column":40},"end":{"line":44,"column":92}}]},"4":{"type":"branch","line":45,"loc":{"start":{"line":45,"column":51},"end":{"line":45,"column":71}},"locations":[{"start":{"line":45,"column":51},"end":{"line":45,"column":71}}]},"5":{"type":"branch","line":46,"loc":{"start":{"line":46,"column":51},"end":{"line":46,"column":71}},"locations":[{"start":{"line":46,"column":51},"end":{"line":46,"column":71}}]},"6":{"type":"branch","line":59,"loc":{"start":{"line":59,"column":52},"end":{"line":117,"column":5}},"locations":[{"start":{"line":59,"column":52},"end":{"line":117,"column":5}}]},"7":{"type":"branch","line":60,"loc":{"start":{"line":60,"column":31},"end":{"line":60,"column":41}},"locations":[{"start":{"line":60,"column":31},"end":{"line":60,"column":41}}]},"8":{"type":"branch","line":63,"loc":{"start":{"line":63,"column":48},"end":{"line":64,"column":63}},"locations":[{"start":{"line":63,"column":48},"end":{"line":64,"column":63}}]},"9":{"type":"branch","line":71,"loc":{"start":{"line":71,"column":24},"end":{"line":114,"column":7}},"locations":[{"start":{"line":71,"column":24},"end":{"line":114,"column":7}}]},"10":{"type":"branch","line":80,"loc":{"start":{"line":80,"column":46},"end":{"line":88,"column":7}},"locations":[{"start":{"line":80,"column":46},"end":{"line":88,"column":7}}]},"11":{"type":"branch","line":88,"loc":{"start":{"line":88,"column":6},"end":{"line":92,"column":39}},"locations":[{"start":{"line":88,"column":6},"end":{"line":92,"column":39}}]},"12":{"type":"branch","line":92,"loc":{"start":{"line":92,"column":39},"end":{"line":97,"column":7}},"locations":[{"start":{"line":92,"column":39},"end":{"line":97,"column":7}}]},"13":{"type":"branch","line":95,"loc":{"start":{"line":95,"column":8},"end":{"line":97,"column":7}},"locations":[{"start":{"line":95,"column":8},"end":{"line":97,"column":7}}]},"14":{"type":"branch","line":97,"loc":{"start":{"line":97,"column":6},"end":{"line":100,"column":38}},"locations":[{"start":{"line":97,"column":6},"end":{"line":100,"column":38}}]},"15":{"type":"branch","line":100,"loc":{"start":{"line":100,"column":38},"end":{"line":102,"column":7}},"locations":[{"start":{"line":100,"column":38},"end":{"line":102,"column":7}}]},"16":{"type":"branch","line":102,"loc":{"start":{"line":102,"column":6},"end":{"line":114,"column":7}},"locations":[{"start":{"line":102,"column":6},"end":{"line":114,"column":7}}]},"17":{"type":"branch","line":120,"loc":{"start":{"line":120,"column":26},"end":{"line":123,"column":5}},"locations":[{"start":{"line":120,"column":26},"end":{"line":123,"column":5}}]},"18":{"type":"branch","line":121,"loc":{"start":{"line":121,"column":33},"end":{"line":121,"column":42}},"locations":[{"start":{"line":121,"column":33},"end":{"line":121,"column":42}}]},"19":{"type":"branch","line":122,"loc":{"start":{"line":122,"column":43},"end":{"line":122,"column":60}},"locations":[{"start":{"line":122,"column":43},"end":{"line":122,"column":60}}]},"20":{"type":"branch","line":126,"loc":{"start":{"line":126,"column":23},"end":{"line":128,"column":4}},"locations":[{"start":{"line":126,"column":23},"end":{"line":128,"column":4}}]},"21":{"type":"branch","line":127,"loc":{"start":{"line":127,"column":13},"end":{"line":127,"column":56}},"locations":[{"start":{"line":127,"column":13},"end":{"line":127,"column":56}}]},"22":{"type":"branch","line":130,"loc":{"start":{"line":130,"column":24},"end":{"line":132,"column":4}},"locations":[{"start":{"line":130,"column":24},"end":{"line":132,"column":4}}]},"23":{"type":"branch","line":131,"loc":{"start":{"line":131,"column":13},"end":{"line":131,"column":58}},"locations":[{"start":{"line":131,"column":13},"end":{"line":131,"column":58}}]},"24":{"type":"branch","line":135,"loc":{"start":{"line":135,"column":32},"end":{"line":145,"column":5}},"locations":[{"start":{"line":135,"column":32},"end":{"line":145,"column":5}}]},"25":{"type":"branch","line":139,"loc":{"start":{"line":139,"column":35},"end":{"line":142,"column":5}},"locations":[{"start":{"line":139,"column":35},"end":{"line":142,"column":5}}]},"26":{"type":"branch","line":148,"loc":{"start":{"line":148,"column":31},"end":{"line":160,"column":4}},"locations":[{"start":{"line":148,"column":31},"end":{"line":160,"column":4}}]},"27":{"type":"branch","line":149,"loc":{"start":{"line":149,"column":30},"end":{"line":149,"column":42}},"locations":[{"start":{"line":149,"column":30},"end":{"line":149,"column":42}}]},"28":{"type":"branch","line":155,"loc":{"start":{"line":155,"column":33},"end":{"line":155,"column":45}},"locations":[{"start":{"line":155,"column":33},"end":{"line":155,"column":45}}]},"29":{"type":"branch","line":163,"loc":{"start":{"line":163,"column":32},"end":{"line":178,"column":4}},"locations":[{"start":{"line":163,"column":32},"end":{"line":178,"column":4}}]},"30":{"type":"branch","line":164,"loc":{"start":{"line":164,"column":29},"end":{"line":164,"column":41}},"locations":[{"start":{"line":164,"column":29},"end":{"line":164,"column":41}}]},"31":{"type":"branch","line":170,"loc":{"start":{"line":170,"column":15},"end":{"line":170,"column":27}},"locations":[{"start":{"line":170,"column":15},"end":{"line":170,"column":27}}]},"32":{"type":"branch","line":181,"loc":{"start":{"line":181,"column":26},"end":{"line":204,"column":4}},"locations":[{"start":{"line":181,"column":26},"end":{"line":204,"column":4}}]},"33":{"type":"branch","line":181,"loc":{"start":{"line":181,"column":74},"end":{"line":204,"column":4}},"locations":[{"start":{"line":181,"column":74},"end":{"line":204,"column":4}}]},"34":{"type":"branch","line":184,"loc":{"start":{"line":184,"column":28},"end":{"line":184,"column":35}},"locations":[{"start":{"line":184,"column":28},"end":{"line":184,"column":35}}]},"35":{"type":"branch","line":189,"loc":{"start":{"line":189,"column":34},"end":{"line":189,"column":41}},"locations":[{"start":{"line":189,"column":34},"end":{"line":189,"column":41}}]},"36":{"type":"branch","line":192,"loc":{"start":{"line":192,"column":42},"end":{"line":192,"column":58}},"locations":[{"start":{"line":192,"column":42},"end":{"line":192,"column":58}}]},"37":{"type":"branch","line":187,"loc":{"start":{"line":187,"column":36},"end":{"line":187,"column":60}},"locations":[{"start":{"line":187,"column":36},"end":{"line":187,"column":60}}]},"38":{"type":"branch","line":188,"loc":{"start":{"line":188,"column":48},"end":{"line":188,"column":72}},"locations":[{"start":{"line":188,"column":48},"end":{"line":188,"column":72}}]},"39":{"type":"branch","line":206,"loc":{"start":{"line":206,"column":26},"end":{"line":268,"column":4}},"locations":[{"start":{"line":206,"column":26},"end":{"line":268,"column":4}}]},"40":{"type":"branch","line":207,"loc":{"start":{"line":207,"column":9},"end":{"line":207,"column":34}},"locations":[{"start":{"line":207,"column":9},"end":{"line":207,"column":34}}]},"41":{"type":"branch","line":207,"loc":{"start":{"line":207,"column":34},"end":{"line":207,"column":41}},"locations":[{"start":{"line":207,"column":34},"end":{"line":207,"column":41}}]},"42":{"type":"branch","line":207,"loc":{"start":{"line":207,"column":34},"end":{"line":210,"column":28}},"locations":[{"start":{"line":207,"column":34},"end":{"line":210,"column":28}}]},"43":{"type":"branch","line":210,"loc":{"start":{"line":210,"column":28},"end":{"line":210,"column":35}},"locations":[{"start":{"line":210,"column":28},"end":{"line":210,"column":35}}]},"44":{"type":"branch","line":210,"loc":{"start":{"line":210,"column":28},"end":{"line":268,"column":4}},"locations":[{"start":{"line":210,"column":28},"end":{"line":268,"column":4}}]},"45":{"type":"branch","line":227,"loc":{"start":{"line":227,"column":23},"end":{"line":230,"column":12}},"locations":[{"start":{"line":227,"column":23},"end":{"line":230,"column":12}}]},"46":{"type":"branch","line":234,"loc":{"start":{"line":234,"column":21},"end":{"line":266,"column":8}},"locations":[{"start":{"line":234,"column":21},"end":{"line":266,"column":8}}]},"47":{"type":"branch","line":235,"loc":{"start":{"line":235,"column":20},"end":{"line":266,"column":8}},"locations":[{"start":{"line":235,"column":20},"end":{"line":266,"column":8}}]},"48":{"type":"branch","line":236,"loc":{"start":{"line":236,"column":37},"end":{"line":264,"column":9}},"locations":[{"start":{"line":236,"column":37},"end":{"line":264,"column":9}}]},"49":{"type":"branch","line":237,"loc":{"start":{"line":237,"column":41},"end":{"line":242,"column":17}},"locations":[{"start":{"line":237,"column":41},"end":{"line":242,"column":17}}]},"50":{"type":"branch","line":242,"loc":{"start":{"line":242,"column":46},"end":{"line":247,"column":17}},"locations":[{"start":{"line":242,"column":46},"end":{"line":247,"column":17}}]},"51":{"type":"branch","line":264,"loc":{"start":{"line":264,"column":8},"end":{"line":266,"column":8}},"locations":[{"start":{"line":264,"column":8},"end":{"line":266,"column":8}}]},"52":{"type":"branch","line":270,"loc":{"start":{"line":270,"column":24},"end":{"line":273,"column":4}},"locations":[{"start":{"line":270,"column":24},"end":{"line":273,"column":4}}]},"53":{"type":"branch","line":275,"loc":{"start":{"line":275,"column":12},"end":{"line":286,"column":5}},"locations":[{"start":{"line":275,"column":12},"end":{"line":286,"column":5}}]},"54":{"type":"branch","line":277,"loc":{"start":{"line":277,"column":20},"end":{"line":285,"column":5}},"locations":[{"start":{"line":277,"column":20},"end":{"line":285,"column":5}}]},"55":{"type":"branch","line":278,"loc":{"start":{"line":278,"column":34},"end":{"line":281,"column":8}},"locations":[{"start":{"line":278,"column":34},"end":{"line":281,"column":8}}]},"56":{"type":"branch","line":284,"loc":{"start":{"line":284,"column":13},"end":{"line":284,"column":78}},"locations":[{"start":{"line":284,"column":13},"end":{"line":284,"column":78}}]},"57":{"type":"branch","line":289,"loc":{"start":{"line":289,"column":28},"end":{"line":292,"column":4}},"locations":[{"start":{"line":289,"column":28},"end":{"line":292,"column":4}}]},"58":{"type":"branch","line":294,"loc":{"start":{"line":294,"column":27},"end":{"line":296,"column":4}},"locations":[{"start":{"line":294,"column":27},"end":{"line":296,"column":4}}]},"59":{"type":"branch","line":298,"loc":{"start":{"line":298,"column":29},"end":{"line":307,"column":4}},"locations":[{"start":{"line":298,"column":29},"end":{"line":307,"column":4}}]},"60":{"type":"branch","line":300,"loc":{"start":{"line":300,"column":23},"end":{"line":302,"column":73}},"locations":[{"start":{"line":300,"column":23},"end":{"line":302,"column":73}}]},"61":{"type":"branch","line":301,"loc":{"start":{"line":301,"column":22},"end":{"line":302,"column":73}},"locations":[{"start":{"line":301,"column":22},"end":{"line":302,"column":73}}]},"62":{"type":"branch","line":302,"loc":{"start":{"line":302,"column":22},"end":{"line":302,"column":69}},"locations":[{"start":{"line":302,"column":22},"end":{"line":302,"column":69}}]},"63":{"type":"branch","line":302,"loc":{"start":{"line":302,"column":65},"end":{"line":302,"column":73}},"locations":[{"start":{"line":302,"column":65},"end":{"line":302,"column":73}}]},"64":{"type":"branch","line":309,"loc":{"start":{"line":309,"column":24},"end":{"line":315,"column":4}},"locations":[{"start":{"line":309,"column":24},"end":{"line":315,"column":4}}]},"65":{"type":"branch","line":310,"loc":{"start":{"line":310,"column":27},"end":{"line":312,"column":11}},"locations":[{"start":{"line":310,"column":27},"end":{"line":312,"column":11}}]},"66":{"type":"branch","line":312,"loc":{"start":{"line":312,"column":4},"end":{"line":314,"column":5}},"locations":[{"start":{"line":312,"column":4},"end":{"line":314,"column":5}}]},"67":{"type":"branch","line":312,"loc":{"start":{"line":312,"column":35},"end":{"line":314,"column":5}},"locations":[{"start":{"line":312,"column":35},"end":{"line":314,"column":5}}]},"68":{"type":"branch","line":318,"loc":{"start":{"line":318,"column":27},"end":{"line":320,"column":4}},"locations":[{"start":{"line":318,"column":27},"end":{"line":320,"column":4}}]},"69":{"type":"branch","line":375,"loc":{"start":{"line":375,"column":42},"end":{"line":375,"column":80}},"locations":[{"start":{"line":375,"column":42},"end":{"line":375,"column":80}}]},"70":{"type":"branch","line":375,"loc":{"start":{"line":375,"column":80},"end":{"line":375,"column":96}},"locations":[{"start":{"line":375,"column":80},"end":{"line":375,"column":96}}]},"71":{"type":"branch","line":375,"loc":{"start":{"line":375,"column":83},"end":{"line":375,"column":100}},"locations":[{"start":{"line":375,"column":83},"end":{"line":375,"column":100}}]},"72":{"type":"branch","line":392,"loc":{"start":{"line":392,"column":40},"end":{"line":402,"column":19}},"locations":[{"start":{"line":392,"column":40},"end":{"line":402,"column":19}}]},"73":{"type":"branch","line":390,"loc":{"start":{"line":390,"column":31},"end":{"line":390,"column":75}},"locations":[{"start":{"line":390,"column":31},"end":{"line":390,"column":75}}]}},"b":{"0":[42],"1":[10],"2":[0],"3":[30],"4":[60],"5":[60],"6":[11],"7":[0],"8":[22],"9":[33],"10":[1],"11":[32],"12":[21],"13":[0],"14":[32],"15":[11],"16":[32],"17":[11],"18":[0],"19":[33],"20":[1],"21":[1],"22":[1],"23":[1],"24":[10],"25":[190],"26":[6],"27":[0],"28":[0],"29":[1],"30":[0],"31":[0],"32":[378],"33":[5],"34":[0],"35":[0],"36":[0],"37":[5],"38":[5],"39":[3],"40":[1],"41":[2],"42":[1],"43":[0],"44":[1],"45":[1],"46":[1],"47":[3],"48":[1],"49":[0],"50":[0],"51":[2],"52":[5],"53":[18],"54":[5],"55":[5],"56":[5],"57":[1],"58":[18],"59":[1],"60":[1],"61":[3],"62":[1],"63":[2],"64":[18],"65":[1],"66":[17],"67":[0],"68":[1],"69":[18],"70":[6],"71":[120],"72":[21],"73":[1]},"fnMap":{"0":{"name":"Timeline","decl":{"start":{"line":21,"column":42},"end":{"line":419,"column":2}},"loc":{"start":{"line":21,"column":42},"end":{"line":419,"column":2}},"line":21},"1":{"name":"handleZoomIn","decl":{"start":{"line":126,"column":23},"end":{"line":128,"column":4}},"loc":{"start":{"line":126,"column":23},"end":{"line":128,"column":4}},"line":126},"2":{"name":"handleZoomOut","decl":{"start":{"line":130,"column":24},"end":{"line":132,"column":4}},"loc":{"start":{"line":130,"column":24},"end":{"line":132,"column":4}},"line":130},"3":{"name":"getDayFromMouseEvent","decl":{"start":{"line":148,"column":31},"end":{"line":160,"column":4}},"loc":{"start":{"line":148,"column":31},"end":{"line":160,"column":4}},"line":148},"4":{"name":"getLaneFromMouseEvent","decl":{"start":{"line":163,"column":32},"end":{"line":178,"column":4}},"loc":{"start":{"line":163,"column":32},"end":{"line":178,"column":4}},"line":163},"5":{"name":"handleMouseDown","decl":{"start":{"line":181,"column":26},"end":{"line":204,"column":4}},"loc":{"start":{"line":181,"column":26},"end":{"line":204,"column":4}},"line":181},"6":{"name":"handleMouseMove","decl":{"start":{"line":206,"column":26},"end":{"line":268,"column":4}},"loc":{"start":{"line":206,"column":26},"end":{"line":268,"column":4}},"line":206},"7":{"name":"handleMouseUp","decl":{"start":{"line":270,"column":24},"end":{"line":273,"column":4}},"loc":{"start":{"line":270,"column":24},"end":{"line":273,"column":4}},"line":270},"8":{"name":"handleGlobalMouseUp","decl":{"start":{"line":278,"column":34},"end":{"line":281,"column":8}},"loc":{"start":{"line":278,"column":34},"end":{"line":281,"column":8}},"line":278},"9":{"name":"handleDoubleClick","decl":{"start":{"line":289,"column":28},"end":{"line":292,"column":4}},"loc":{"start":{"line":289,"column":28},"end":{"line":292,"column":4}},"line":289},"10":{"name":"handleEditChange","decl":{"start":{"line":294,"column":27},"end":{"line":296,"column":4}},"loc":{"start":{"line":294,"column":27},"end":{"line":296,"column":4}},"line":294},"11":{"name":"handleEditComplete","decl":{"start":{"line":298,"column":29},"end":{"line":307,"column":4}},"loc":{"start":{"line":298,"column":29},"end":{"line":307,"column":4}},"line":298},"12":{"name":"handleKeyDown","decl":{"start":{"line":309,"column":24},"end":{"line":315,"column":4}},"loc":{"start":{"line":309,"column":24},"end":{"line":315,"column":4}},"line":309},"13":{"name":"handleResetLanes","decl":{"start":{"line":318,"column":27},"end":{"line":320,"column":4}},"loc":{"start":{"line":318,"column":27},"end":{"line":320,"column":4}},"line":318},"14":{"name":"onDoubleClick","decl":{"start":{"line":390,"column":31},"end":{"line":390,"column":75}},"loc":{"start":{"line":390,"column":31},"end":{"line":390,"column":75}},"line":390}},"f":{"0":42,"1":1,"2":1,"3":6,"4":1,"5":378,"6":3,"7":5,"8":5,"9":1,"10":18,"11":1,"12":18,"13":1,"14":1}}
}
